<?xml version="1.0" encoding="UTF-8"?>
<!-- Generated by org.testng.reporters.JUnitReportReporter -->
<testsuite hostname="LAPTOP-OOJD2GM0" failures="0" tests="2" name="testfiles.tests.loginTest" time="53.025" errors="0" timestamp="2022-10-18T10:51:50 IST" skipped="0">
  <testcase classname="testfiles.tests.loginTest" name="EcomerceApplication" time="23.476"/>
  <system-out/>
  <testcase classname="testfiles.tests.loginTest" name="EcomerceApplication" time="29.549"/>
  <system-out/>
</testsuite> <!-- testfiles.tests.loginTest -->
